Analysis & Synthesis report for dot_display
Wed May 27 14:10:58 2020
Quartus II 64-Bit Version 13.1.0 Build 162 10/23/2013 SJ Web Edition


---------------------
; Table of Contents ;
---------------------
  1. Legal Notice
  2. Analysis & Synthesis Summary
  3. Analysis & Synthesis Settings
  4. Parallel Compilation
  5. Analysis & Synthesis Source Files Read
  6. Analysis & Synthesis Resource Usage Summary
  7. Analysis & Synthesis Resource Utilization by Entity
  8. General Register Statistics
  9. Elapsed Time Per Partition
 10. Analysis & Synthesis Messages



----------------
; Legal Notice ;
----------------
Copyright (C) 1991-2013 Altera Corporation
Your use of Altera Corporation's design tools, logic functions 
and other software and tools, and its AMPP partner logic 
functions, and any output files from any of the foregoing 
(including device programming or simulation files), and any 
associated documentation or information are expressly subject 
to the terms and conditions of the Altera Program License 
Subscription Agreement, Altera MegaCore Function License 
Agreement, or other applicable license agreement, including, 
without limitation, that your use is for the sole purpose of 
programming logic devices manufactured by Altera and sold by 
Altera or its authorized distributors.  Please refer to the 
applicable agreement for further details.



+------------------------------------------------------------------------------+
; Analysis & Synthesis Summary                                                 ;
+---------------------------------+--------------------------------------------+
; Analysis & Synthesis Status     ; Successful - Wed May 27 14:10:58 2020      ;
; Quartus II 64-Bit Version       ; 13.1.0 Build 162 10/23/2013 SJ Web Edition ;
; Revision Name                   ; dot_display                                ;
; Top-level Entity Name           ; dot_display                                ;
; Family                          ; Cyclone V                                  ;
; Logic utilization (in ALMs)     ; N/A                                        ;
; Total registers                 ; 0                                          ;
; Total pins                      ; 59                                         ;
; Total virtual pins              ; 0                                          ;
; Total block memory bits         ; 0                                          ;
; Total DSP Blocks                ; 0                                          ;
; Total HSSI RX PCSs              ; 0                                          ;
; Total HSSI PMA RX Deserializers ; 0                                          ;
; Total HSSI TX PCSs              ; 0                                          ;
; Total HSSI TX Channels          ; 0                                          ;
; Total PLLs                      ; 0                                          ;
; Total DLLs                      ; 0                                          ;
+---------------------------------+--------------------------------------------+


+---------------------------------------------------------------------------------------------------------------------------+
; Analysis & Synthesis Settings                                                                                             ;
+---------------------------------------------------------------------------------+--------------------+--------------------+
; Option                                                                          ; Setting            ; Default Value      ;
+---------------------------------------------------------------------------------+--------------------+--------------------+
; Device                                                                          ; 5CGXFC7C7F23C8     ;                    ;
; Top-level entity name                                                           ; dot_display        ; dot_display        ;
; Family name                                                                     ; Cyclone V          ; Cyclone IV GX      ;
; Use smart compilation                                                           ; Off                ; Off                ;
; Enable parallel Assembler and TimeQuest Timing Analyzer during compilation      ; On                 ; On                 ;
; Enable compact report table                                                     ; Off                ; Off                ;
; Restructure Multiplexers                                                        ; Auto               ; Auto               ;
; MLAB Add Timing Constraints For Mixed-Port Feed-Through Mode Setting Don't Care ; Off                ; Off                ;
; Create Debugging Nodes for IP Cores                                             ; Off                ; Off                ;
; Preserve fewer node names                                                       ; On                 ; On                 ;
; Disable OpenCore Plus hardware evaluation                                       ; Off                ; Off                ;
; Verilog Version                                                                 ; Verilog_2001       ; Verilog_2001       ;
; VHDL Version                                                                    ; VHDL_1993          ; VHDL_1993          ;
; State Machine Processing                                                        ; Auto               ; Auto               ;
; Safe State Machine                                                              ; Off                ; Off                ;
; Extract Verilog State Machines                                                  ; On                 ; On                 ;
; Extract VHDL State Machines                                                     ; On                 ; On                 ;
; Ignore Verilog initial constructs                                               ; Off                ; Off                ;
; Iteration limit for constant Verilog loops                                      ; 5000               ; 5000               ;
; Iteration limit for non-constant Verilog loops                                  ; 250                ; 250                ;
; Add Pass-Through Logic to Inferred RAMs                                         ; On                 ; On                 ;
; Infer RAMs from Raw Logic                                                       ; On                 ; On                 ;
; Parallel Synthesis                                                              ; On                 ; On                 ;
; DSP Block Balancing                                                             ; Auto               ; Auto               ;
; NOT Gate Push-Back                                                              ; On                 ; On                 ;
; Power-Up Don't Care                                                             ; On                 ; On                 ;
; Remove Redundant Logic Cells                                                    ; Off                ; Off                ;
; Remove Duplicate Registers                                                      ; On                 ; On                 ;
; Ignore CARRY Buffers                                                            ; Off                ; Off                ;
; Ignore CASCADE Buffers                                                          ; Off                ; Off                ;
; Ignore GLOBAL Buffers                                                           ; Off                ; Off                ;
; Ignore ROW GLOBAL Buffers                                                       ; Off                ; Off                ;
; Ignore LCELL Buffers                                                            ; Off                ; Off                ;
; Ignore SOFT Buffers                                                             ; On                 ; On                 ;
; Limit AHDL Integers to 32 Bits                                                  ; Off                ; Off                ;
; Optimization Technique                                                          ; Balanced           ; Balanced           ;
; Carry Chain Length                                                              ; 70                 ; 70                 ;
; Auto Carry Chains                                                               ; On                 ; On                 ;
; Auto Open-Drain Pins                                                            ; On                 ; On                 ;
; Perform WYSIWYG Primitive Resynthesis                                           ; Off                ; Off                ;
; Auto ROM Replacement                                                            ; On                 ; On                 ;
; Auto RAM Replacement                                                            ; On                 ; On                 ;
; Auto DSP Block Replacement                                                      ; On                 ; On                 ;
; Auto Shift Register Replacement                                                 ; Auto               ; Auto               ;
; Allow Shift Register Merging across Hierarchies                                 ; Auto               ; Auto               ;
; Auto Clock Enable Replacement                                                   ; On                 ; On                 ;
; Strict RAM Replacement                                                          ; Off                ; Off                ;
; Allow Synchronous Control Signals                                               ; On                 ; On                 ;
; Force Use of Synchronous Clear Signals                                          ; Off                ; Off                ;
; Auto Resource Sharing                                                           ; Off                ; Off                ;
; Allow Any RAM Size For Recognition                                              ; Off                ; Off                ;
; Allow Any ROM Size For Recognition                                              ; Off                ; Off                ;
; Allow Any Shift Register Size For Recognition                                   ; Off                ; Off                ;
; Use LogicLock Constraints during Resource Balancing                             ; On                 ; On                 ;
; Ignore translate_off and synthesis_off directives                               ; Off                ; Off                ;
; Timing-Driven Synthesis                                                         ; On                 ; On                 ;
; Report Parameter Settings                                                       ; On                 ; On                 ;
; Report Source Assignments                                                       ; On                 ; On                 ;
; Report Connectivity Checks                                                      ; On                 ; On                 ;
; Ignore Maximum Fan-Out Assignments                                              ; Off                ; Off                ;
; Synchronization Register Chain Length                                           ; 3                  ; 3                  ;
; PowerPlay Power Optimization                                                    ; Normal compilation ; Normal compilation ;
; HDL message level                                                               ; Level2             ; Level2             ;
; Suppress Register Optimization Related Messages                                 ; Off                ; Off                ;
; Number of Removed Registers Reported in Synthesis Report                        ; 5000               ; 5000               ;
; Number of Swept Nodes Reported in Synthesis Report                              ; 5000               ; 5000               ;
; Number of Inverted Registers Reported in Synthesis Report                       ; 100                ; 100                ;
; Clock MUX Protection                                                            ; On                 ; On                 ;
; Auto Gated Clock Conversion                                                     ; Off                ; Off                ;
; Block Design Naming                                                             ; Auto               ; Auto               ;
; SDC constraint protection                                                       ; Off                ; Off                ;
; Synthesis Effort                                                                ; Auto               ; Auto               ;
; Shift Register Replacement - Allow Asynchronous Clear Signal                    ; On                 ; On                 ;
; Pre-Mapping Resynthesis Optimization                                            ; Off                ; Off                ;
; Analysis & Synthesis Message Level                                              ; Medium             ; Medium             ;
; Disable Register Merging Across Hierarchies                                     ; Auto               ; Auto               ;
; Resource Aware Inference For Block RAM                                          ; On                 ; On                 ;
; Synthesis Seed                                                                  ; 1                  ; 1                  ;
; Automatic Parallel Synthesis                                                    ; On                 ; On                 ;
+---------------------------------------------------------------------------------+--------------------+--------------------+


+------------------------------------------+
; Parallel Compilation                     ;
+----------------------------+-------------+
; Processors                 ; Number      ;
+----------------------------+-------------+
; Number detected on machine ; 4           ;
; Maximum allowed            ; 4           ;
;                            ;             ;
; Average used               ; 1.00        ;
; Maximum used               ; 1           ;
;                            ;             ;
; Usage by Processor         ; % Time Used ;
;     Processor 1            ; 100.0%      ;
;     Processors 2-4         ;   0.0%      ;
+----------------------------+-------------+


+----------------------------------------------------------------------------------------------------------------------------------------------------------+
; Analysis & Synthesis Source Files Read                                                                                                                   ;
+----------------------------------+-----------------+-----------------+-------------------------------------------------------------------------+---------+
; File Name with User-Entered Path ; Used in Netlist ; File Type       ; File Name with Absolute Path                                            ; Library ;
+----------------------------------+-----------------+-----------------+-------------------------------------------------------------------------+---------+
; dot_display.vhd                  ; yes             ; User VHDL File  ; C:/Users/G316/Desktop/DefuseBombVHDL/Object/dot_display/dot_display.vhd ;         ;
+----------------------------------+-----------------+-----------------+-------------------------------------------------------------------------+---------+


+-------------------------------------------------------+
; Analysis & Synthesis Resource Usage Summary           ;
+---------------------------------------------+---------+
; Resource                                    ; Usage   ;
+---------------------------------------------+---------+
; Estimate of Logic utilization (ALMs needed) ; 0       ;
;                                             ;         ;
; Combinational ALUT usage for logic          ; 0       ;
;     -- 7 input functions                    ; 0       ;
;     -- 6 input functions                    ; 0       ;
;     -- 5 input functions                    ; 0       ;
;     -- 4 input functions                    ; 0       ;
;     -- <=3 input functions                  ; 0       ;
;                                             ;         ;
; Dedicated logic registers                   ; 0       ;
;                                             ;         ;
; I/O pins                                    ; 59      ;
; Total DSP Blocks                            ; 0       ;
; Maximum fan-out node                        ; row_clk ;
; Maximum fan-out                             ; 1       ;
; Total fan-out                               ; 59      ;
; Average fan-out                             ; 0.50    ;
+---------------------------------------------+---------+


+-----------------------------------------------------------------------------------------------------------------------------------------------------------+
; Analysis & Synthesis Resource Utilization by Entity                                                                                                       ;
+----------------------------+-------------------+--------------+-------------------+------------+------+--------------+---------------------+--------------+
; Compilation Hierarchy Node ; LC Combinationals ; LC Registers ; Block Memory Bits ; DSP Blocks ; Pins ; Virtual Pins ; Full Hierarchy Name ; Library Name ;
+----------------------------+-------------------+--------------+-------------------+------------+------+--------------+---------------------+--------------+
; |dot_display               ; 0 (0)             ; 0 (0)        ; 0                 ; 0          ; 59   ; 0            ; |dot_display        ; work         ;
+----------------------------+-------------------+--------------+-------------------+------------+------+--------------+---------------------+--------------+
Note: For table entries with two numbers listed, the numbers in parentheses indicate the number of resources of the given type used by the specific entity alone. The numbers listed outside of parentheses indicate the total resources of the given type used by the specific entity and all of its sub-entities in the hierarchy.


+------------------------------------------------------+
; General Register Statistics                          ;
+----------------------------------------------+-------+
; Statistic                                    ; Value ;
+----------------------------------------------+-------+
; Total registers                              ; 0     ;
; Number of registers using Synchronous Clear  ; 0     ;
; Number of registers using Synchronous Load   ; 0     ;
; Number of registers using Asynchronous Clear ; 0     ;
; Number of registers using Asynchronous Load  ; 0     ;
; Number of registers using Clock Enable       ; 0     ;
; Number of registers using Preset             ; 0     ;
+----------------------------------------------+-------+


+-------------------------------+
; Elapsed Time Per Partition    ;
+----------------+--------------+
; Partition Name ; Elapsed Time ;
+----------------+--------------+
; Top            ; 00:00:00     ;
+----------------+--------------+


+-------------------------------+
; Analysis & Synthesis Messages ;
+-------------------------------+
Info: *******************************************************************
Info: Running Quartus II 64-Bit Analysis & Synthesis
    Info: Version 13.1.0 Build 162 10/23/2013 SJ Web Edition
    Info: Processing started: Wed May 27 14:10:55 2020
Info: Command: quartus_map --read_settings_files=on --write_settings_files=off dot_display -c dot_display
Info (20034): Auto device selection is not supported for Cyclone V device family. The default device, 5CGXFC7C7F23C8, is set.
Info (20030): Parallel compilation is enabled and will use 4 of the 4 processors detected
Info (12021): Found 2 design units, including 1 entities, in source file dot_display.vhd
    Info (12022): Found design unit 1: dot_display-behavioral
    Info (12023): Found entity 1: dot_display
Info (12127): Elaborating entity "dot_display" for the top level hierarchy
Warning (10492): VHDL Process Statement warning at dot_display.vhd(30): signal "running" is read inside the Process Statement but isn't in the Process Statement's sensitivity list
Warning (10492): VHDL Process Statement warning at dot_display.vhd(102): signal "g_display" is read inside the Process Statement but isn't in the Process Statement's sensitivity list
Warning (10492): VHDL Process Statement warning at dot_display.vhd(105): signal "lose" is read inside the Process Statement but isn't in the Process Statement's sensitivity list
Warning (10445): VHDL Subtype or Type Declaration warning at dot_display.vhd(106): subtype or type has null range
Warning (10445): VHDL Subtype or Type Declaration warning at dot_display.vhd(113): subtype or type has null range
Warning (10631): VHDL Process Statement warning at dot_display.vhd(27): inferring latch(es) for signal or variable "g_display", which holds its previous value in one or more paths through the process
Warning (10445): VHDL Subtype or Type Declaration warning at dot_display.vhd(126): subtype or type has null range
Warning (10873): Using initial value X (don't care) for net "g_sig" at dot_display.vhd(23)
Warning (10873): Using initial value X (don't care) for net "r_sig" at dot_display.vhd(24)
Warning (13024): Output pins are stuck at VCC or GND
    Warning (13410): Pin "row[0]" is stuck at VCC
    Warning (13410): Pin "row[1]" is stuck at VCC
    Warning (13410): Pin "row[2]" is stuck at VCC
    Warning (13410): Pin "row[3]" is stuck at VCC
    Warning (13410): Pin "row[4]" is stuck at VCC
    Warning (13410): Pin "row[5]" is stuck at VCC
    Warning (13410): Pin "row[6]" is stuck at VCC
    Warning (13410): Pin "row[7]" is stuck at VCC
    Warning (13410): Pin "g_col[0]" is stuck at GND
    Warning (13410): Pin "g_col[1]" is stuck at GND
    Warning (13410): Pin "g_col[2]" is stuck at GND
    Warning (13410): Pin "g_col[3]" is stuck at GND
    Warning (13410): Pin "g_col[4]" is stuck at GND
    Warning (13410): Pin "g_col[5]" is stuck at GND
    Warning (13410): Pin "g_col[6]" is stuck at GND
    Warning (13410): Pin "g_col[7]" is stuck at GND
    Warning (13410): Pin "r_col[0]" is stuck at GND
    Warning (13410): Pin "r_col[1]" is stuck at GND
    Warning (13410): Pin "r_col[2]" is stuck at GND
    Warning (13410): Pin "r_col[3]" is stuck at GND
    Warning (13410): Pin "r_col[4]" is stuck at GND
    Warning (13410): Pin "r_col[5]" is stuck at GND
    Warning (13410): Pin "r_col[6]" is stuck at GND
    Warning (13410): Pin "r_col[7]" is stuck at GND
Info (16010): Generating hard_block partition "hard_block:auto_generated_inst"
    Info (16011): Adding 0 node(s), including 0 DDIO, 0 PLL, 0 transceiver and 0 LCELL
Warning (21074): Design contains 35 input pin(s) that do not drive logic
    Warning (15610): No output dependent on input pin "row_clk"
    Warning (15610): No output dependent on input pin "time_count[0]"
    Warning (15610): No output dependent on input pin "time_count[1]"
    Warning (15610): No output dependent on input pin "time_count[2]"
    Warning (15610): No output dependent on input pin "time_count[3]"
    Warning (15610): No output dependent on input pin "time_count[4]"
    Warning (15610): No output dependent on input pin "time_count[5]"
    Warning (15610): No output dependent on input pin "time_count[6]"
    Warning (15610): No output dependent on input pin "time_count[7]"
    Warning (15610): No output dependent on input pin "time_count[8]"
    Warning (15610): No output dependent on input pin "time_count[9]"
    Warning (15610): No output dependent on input pin "time_count[10]"
    Warning (15610): No output dependent on input pin "time_count[11]"
    Warning (15610): No output dependent on input pin "time_count[12]"
    Warning (15610): No output dependent on input pin "time_count[13]"
    Warning (15610): No output dependent on input pin "time_count[14]"
    Warning (15610): No output dependent on input pin "time_count[15]"
    Warning (15610): No output dependent on input pin "time_count[16]"
    Warning (15610): No output dependent on input pin "time_count[17]"
    Warning (15610): No output dependent on input pin "time_count[18]"
    Warning (15610): No output dependent on input pin "time_count[19]"
    Warning (15610): No output dependent on input pin "time_count[20]"
    Warning (15610): No output dependent on input pin "time_count[21]"
    Warning (15610): No output dependent on input pin "time_count[22]"
    Warning (15610): No output dependent on input pin "time_count[23]"
    Warning (15610): No output dependent on input pin "time_count[24]"
    Warning (15610): No output dependent on input pin "time_count[25]"
    Warning (15610): No output dependent on input pin "time_count[26]"
    Warning (15610): No output dependent on input pin "time_count[27]"
    Warning (15610): No output dependent on input pin "time_count[28]"
    Warning (15610): No output dependent on input pin "time_count[29]"
    Warning (15610): No output dependent on input pin "time_count[30]"
    Warning (15610): No output dependent on input pin "time_count[31]"
    Warning (15610): No output dependent on input pin "running"
    Warning (15610): No output dependent on input pin "lose"
Info (21057): Implemented 59 device resources after synthesis - the final resource count might be different
    Info (21058): Implemented 35 input pins
    Info (21059): Implemented 24 output pins
Info: Quartus II 64-Bit Analysis & Synthesis was successful. 0 errors, 70 warnings
    Info: Peak virtual memory: 619 megabytes
    Info: Processing ended: Wed May 27 14:10:58 2020
    Info: Elapsed time: 00:00:03
    Info: Total CPU time (on all processors): 00:00:02


