Analysis & Synthesis report for key_input
Mon Jun 01 19:42:14 2020
Quartus II 64-Bit Version 13.1.0 Build 162 10/23/2013 SJ Web Edition


---------------------
; Table of Contents ;
---------------------
  1. Legal Notice
  2. Analysis & Synthesis Summary
  3. Analysis & Synthesis Settings
  4. Parallel Compilation
  5. Analysis & Synthesis Source Files Read
  6. Analysis & Synthesis Resource Usage Summary
  7. Analysis & Synthesis Resource Utilization by Entity
  8. User-Specified and Inferred Latches
  9. Logic Cells Representing Combinational Loops
 10. Registers Removed During Synthesis
 11. General Register Statistics
 12. Inverted Register Statistics
 13. Multiplexer Restructuring Statistics (Restructuring Performed)
 14. Elapsed Time Per Partition
 15. Analysis & Synthesis Messages



----------------
; Legal Notice ;
----------------
Copyright (C) 1991-2013 Altera Corporation
Your use of Altera Corporation's design tools, logic functions 
and other software and tools, and its AMPP partner logic 
functions, and any output files from any of the foregoing 
(including device programming or simulation files), and any 
associated documentation or information are expressly subject 
to the terms and conditions of the Altera Program License 
Subscription Agreement, Altera MegaCore Function License 
Agreement, or other applicable license agreement, including, 
without limitation, that your use is for the sole purpose of 
programming logic devices manufactured by Altera and sold by 
Altera or its authorized distributors.  Please refer to the 
applicable agreement for further details.



+------------------------------------------------------------------------------+
; Analysis & Synthesis Summary                                                 ;
+---------------------------------+--------------------------------------------+
; Analysis & Synthesis Status     ; Successful - Mon Jun 01 19:42:14 2020      ;
; Quartus II 64-Bit Version       ; 13.1.0 Build 162 10/23/2013 SJ Web Edition ;
; Revision Name                   ; key_input                                  ;
; Top-level Entity Name           ; key_input                                  ;
; Family                          ; Cyclone V                                  ;
; Logic utilization (in ALMs)     ; N/A                                        ;
; Total registers                 ; 136                                        ;
; Total pins                      ; 29                                         ;
; Total virtual pins              ; 0                                          ;
; Total block memory bits         ; 0                                          ;
; Total DSP Blocks                ; 0                                          ;
; Total HSSI RX PCSs              ; 0                                          ;
; Total HSSI PMA RX Deserializers ; 0                                          ;
; Total HSSI TX PCSs              ; 0                                          ;
; Total HSSI TX Channels          ; 0                                          ;
; Total PLLs                      ; 0                                          ;
; Total DLLs                      ; 0                                          ;
+---------------------------------+--------------------------------------------+


+---------------------------------------------------------------------------------------------------------------------------+
; Analysis & Synthesis Settings                                                                                             ;
+---------------------------------------------------------------------------------+--------------------+--------------------+
; Option                                                                          ; Setting            ; Default Value      ;
+---------------------------------------------------------------------------------+--------------------+--------------------+
; Device                                                                          ; 5CEFA2F23C8        ;                    ;
; Top-level entity name                                                           ; key_input          ; key_input          ;
; Family name                                                                     ; Cyclone V          ; Cyclone IV GX      ;
; Use smart compilation                                                           ; Off                ; Off                ;
; Enable parallel Assembler and TimeQuest Timing Analyzer during compilation      ; On                 ; On                 ;
; Enable compact report table                                                     ; Off                ; Off                ;
; Restructure Multiplexers                                                        ; Auto               ; Auto               ;
; MLAB Add Timing Constraints For Mixed-Port Feed-Through Mode Setting Don't Care ; Off                ; Off                ;
; Create Debugging Nodes for IP Cores                                             ; Off                ; Off                ;
; Preserve fewer node names                                                       ; On                 ; On                 ;
; Disable OpenCore Plus hardware evaluation                                       ; Off                ; Off                ;
; Verilog Version                                                                 ; Verilog_2001       ; Verilog_2001       ;
; VHDL Version                                                                    ; VHDL_1993          ; VHDL_1993          ;
; State Machine Processing                                                        ; Auto               ; Auto               ;
; Safe State Machine                                                              ; Off                ; Off                ;
; Extract Verilog State Machines                                                  ; On                 ; On                 ;
; Extract VHDL State Machines                                                     ; On                 ; On                 ;
; Ignore Verilog initial constructs                                               ; Off                ; Off                ;
; Iteration limit for constant Verilog loops                                      ; 5000               ; 5000               ;
; Iteration limit for non-constant Verilog loops                                  ; 250                ; 250                ;
; Add Pass-Through Logic to Inferred RAMs                                         ; On                 ; On                 ;
; Infer RAMs from Raw Logic                                                       ; On                 ; On                 ;
; Parallel Synthesis                                                              ; On                 ; On                 ;
; DSP Block Balancing                                                             ; Auto               ; Auto               ;
; NOT Gate Push-Back                                                              ; On                 ; On                 ;
; Power-Up Don't Care                                                             ; On                 ; On                 ;
; Remove Redundant Logic Cells                                                    ; Off                ; Off                ;
; Remove Duplicate Registers                                                      ; On                 ; On                 ;
; Ignore CARRY Buffers                                                            ; Off                ; Off                ;
; Ignore CASCADE Buffers                                                          ; Off                ; Off                ;
; Ignore GLOBAL Buffers                                                           ; Off                ; Off                ;
; Ignore ROW GLOBAL Buffers                                                       ; Off                ; Off                ;
; Ignore LCELL Buffers                                                            ; Off                ; Off                ;
; Ignore SOFT Buffers                                                             ; On                 ; On                 ;
; Limit AHDL Integers to 32 Bits                                                  ; Off                ; Off                ;
; Optimization Technique                                                          ; Balanced           ; Balanced           ;
; Carry Chain Length                                                              ; 70                 ; 70                 ;
; Auto Carry Chains                                                               ; On                 ; On                 ;
; Auto Open-Drain Pins                                                            ; On                 ; On                 ;
; Perform WYSIWYG Primitive Resynthesis                                           ; Off                ; Off                ;
; Auto ROM Replacement                                                            ; On                 ; On                 ;
; Auto RAM Replacement                                                            ; On                 ; On                 ;
; Auto DSP Block Replacement                                                      ; On                 ; On                 ;
; Auto Shift Register Replacement                                                 ; Auto               ; Auto               ;
; Allow Shift Register Merging across Hierarchies                                 ; Auto               ; Auto               ;
; Auto Clock Enable Replacement                                                   ; On                 ; On                 ;
; Strict RAM Replacement                                                          ; Off                ; Off                ;
; Allow Synchronous Control Signals                                               ; On                 ; On                 ;
; Force Use of Synchronous Clear Signals                                          ; Off                ; Off                ;
; Auto Resource Sharing                                                           ; Off                ; Off                ;
; Allow Any RAM Size For Recognition                                              ; Off                ; Off                ;
; Allow Any ROM Size For Recognition                                              ; Off                ; Off                ;
; Allow Any Shift Register Size For Recognition                                   ; Off                ; Off                ;
; Use LogicLock Constraints during Resource Balancing                             ; On                 ; On                 ;
; Ignore translate_off and synthesis_off directives                               ; Off                ; Off                ;
; Timing-Driven Synthesis                                                         ; On                 ; On                 ;
; Report Parameter Settings                                                       ; On                 ; On                 ;
; Report Source Assignments                                                       ; On                 ; On                 ;
; Report Connectivity Checks                                                      ; On                 ; On                 ;
; Ignore Maximum Fan-Out Assignments                                              ; Off                ; Off                ;
; Synchronization Register Chain Length                                           ; 3                  ; 3                  ;
; PowerPlay Power Optimization                                                    ; Normal compilation ; Normal compilation ;
; HDL message level                                                               ; Level2             ; Level2             ;
; Suppress Register Optimization Related Messages                                 ; Off                ; Off                ;
; Number of Removed Registers Reported in Synthesis Report                        ; 5000               ; 5000               ;
; Number of Swept Nodes Reported in Synthesis Report                              ; 5000               ; 5000               ;
; Number of Inverted Registers Reported in Synthesis Report                       ; 100                ; 100                ;
; Clock MUX Protection                                                            ; On                 ; On                 ;
; Auto Gated Clock Conversion                                                     ; Off                ; Off                ;
; Block Design Naming                                                             ; Auto               ; Auto               ;
; SDC constraint protection                                                       ; Off                ; Off                ;
; Synthesis Effort                                                                ; Auto               ; Auto               ;
; Shift Register Replacement - Allow Asynchronous Clear Signal                    ; On                 ; On                 ;
; Pre-Mapping Resynthesis Optimization                                            ; Off                ; Off                ;
; Analysis & Synthesis Message Level                                              ; Medium             ; Medium             ;
; Disable Register Merging Across Hierarchies                                     ; Auto               ; Auto               ;
; Resource Aware Inference For Block RAM                                          ; On                 ; On                 ;
; Synthesis Seed                                                                  ; 1                  ; 1                  ;
; Automatic Parallel Synthesis                                                    ; On                 ; On                 ;
+---------------------------------------------------------------------------------+--------------------+--------------------+


+------------------------------------------+
; Parallel Compilation                     ;
+----------------------------+-------------+
; Processors                 ; Number      ;
+----------------------------+-------------+
; Number detected on machine ; 4           ;
; Maximum allowed            ; 4           ;
;                            ;             ;
; Average used               ; 1.00        ;
; Maximum used               ; 1           ;
;                            ;             ;
; Usage by Processor         ; % Time Used ;
;     Processor 1            ; 100.0%      ;
;     Processors 2-4         ;   0.0%      ;
+----------------------------+-------------+


+--------------------------------------------------------------------------------------------------------------------------------------------------------------+
; Analysis & Synthesis Source Files Read                                                                                                                       ;
+----------------------------------+-----------------+------------------------------------------+----------------------------------------------------+---------+
; File Name with User-Entered Path ; Used in Netlist ; File Type                                ; File Name with Absolute Path                       ; Library ;
+----------------------------------+-----------------+------------------------------------------+----------------------------------------------------+---------+
; key_input.bdf                    ; yes             ; User Block Diagram/Schematic File        ; C:/altera/13.1/DefuseBombVHDL/src/key_input.bdf    ;         ;
; control_unit.vhd                 ; yes             ; User VHDL File                           ; C:/altera/13.1/DefuseBombVHDL/src/control_unit.vhd ;         ;
; led.vhd                          ; yes             ; User VHDL File                           ; C:/altera/13.1/DefuseBombVHDL/src/led.vhd          ;         ;
; timer.vhd                        ; yes             ; User VHDL File                           ; C:/altera/13.1/DefuseBombVHDL/src/timer.vhd        ;         ;
; seg7.vhd                         ; yes             ; Auto-Found VHDL File                     ; C:/altera/13.1/DefuseBombVHDL/src/seg7.vhd         ;         ;
; debounce_g.bdf                   ; yes             ; Auto-Found Block Diagram/Schematic File  ; C:/altera/13.1/DefuseBombVHDL/src/debounce_g.bdf   ;         ;
; clk_gen.bdf                      ; yes             ; Auto-Found Block Diagram/Schematic File  ; C:/altera/13.1/DefuseBombVHDL/src/clk_gen.bdf      ;         ;
; div10_t.bdf                      ; yes             ; Auto-Found Block Diagram/Schematic File  ; C:/altera/13.1/DefuseBombVHDL/src/div10_t.bdf      ;         ;
; de_change.vhd                    ; yes             ; Auto-Found VHDL File                     ; C:/altera/13.1/DefuseBombVHDL/src/de_change.vhd    ;         ;
+----------------------------------+-----------------+------------------------------------------+----------------------------------------------------+---------+


+---------------------------------------------------------------------+
; Analysis & Synthesis Resource Usage Summary                         ;
+---------------------------------------------+-----------------------+
; Resource                                    ; Usage                 ;
+---------------------------------------------+-----------------------+
; Estimate of Logic utilization (ALMs needed) ; 165                   ;
;                                             ;                       ;
; Combinational ALUT usage for logic          ; 267                   ;
;     -- 7 input functions                    ; 1                     ;
;     -- 6 input functions                    ; 60                    ;
;     -- 5 input functions                    ; 38                    ;
;     -- 4 input functions                    ; 36                    ;
;     -- <=3 input functions                  ; 132                   ;
;                                             ;                       ;
; Dedicated logic registers                   ; 136                   ;
;                                             ;                       ;
; I/O pins                                    ; 29                    ;
; Total DSP Blocks                            ; 0                     ;
; Maximum fan-out node                        ; debounce_g:inst2|16~1 ;
; Maximum fan-out                             ; 60                    ;
; Total fan-out                               ; 1490                  ;
; Average fan-out                             ; 3.23                  ;
+---------------------------------------------+-----------------------+


+------------------------------------------------------------------------------------------------------------------------------------------------------------------------------+
; Analysis & Synthesis Resource Utilization by Entity                                                                                                                          ;
+----------------------------+-------------------+--------------+-------------------+------------+------+--------------+----------------------------------------+--------------+
; Compilation Hierarchy Node ; LC Combinationals ; LC Registers ; Block Memory Bits ; DSP Blocks ; Pins ; Virtual Pins ; Full Hierarchy Name                    ; Library Name ;
+----------------------------+-------------------+--------------+-------------------+------------+------+--------------+----------------------------------------+--------------+
; |key_input                 ; 267 (0)           ; 136 (0)      ; 0                 ; 0          ; 29   ; 0            ; |key_input                             ; work         ;
;    |clk_gen:inst5|         ; 27 (0)            ; 27 (0)       ; 0                 ; 0          ; 0    ; 0            ; |key_input|clk_gen:inst5               ; work         ;
;       |div10_t:inst1|      ; 4 (4)             ; 4 (4)        ; 0                 ; 0          ; 0    ; 0            ; |key_input|clk_gen:inst5|div10_t:inst1 ; work         ;
;       |div10_t:inst2|      ; 4 (4)             ; 4 (4)        ; 0                 ; 0          ; 0    ; 0            ; |key_input|clk_gen:inst5|div10_t:inst2 ; work         ;
;       |div10_t:inst3|      ; 4 (4)             ; 4 (4)        ; 0                 ; 0          ; 0    ; 0            ; |key_input|clk_gen:inst5|div10_t:inst3 ; work         ;
;       |div10_t:inst4|      ; 3 (3)             ; 3 (3)        ; 0                 ; 0          ; 0    ; 0            ; |key_input|clk_gen:inst5|div10_t:inst4 ; work         ;
;       |div10_t:inst5|      ; 4 (4)             ; 4 (4)        ; 0                 ; 0          ; 0    ; 0            ; |key_input|clk_gen:inst5|div10_t:inst5 ; work         ;
;       |div10_t:inst6|      ; 4 (4)             ; 4 (4)        ; 0                 ; 0          ; 0    ; 0            ; |key_input|clk_gen:inst5|div10_t:inst6 ; work         ;
;       |div10_t:inst|       ; 4 (4)             ; 4 (4)        ; 0                 ; 0          ; 0    ; 0            ; |key_input|clk_gen:inst5|div10_t:inst  ; work         ;
;    |control_unit:inst11|   ; 134 (134)         ; 60 (60)      ; 0                 ; 0          ; 0    ; 0            ; |key_input|control_unit:inst11         ; work         ;
;    |de_change:inst7|       ; 2 (2)             ; 2 (2)        ; 0                 ; 0          ; 0    ; 0            ; |key_input|de_change:inst7             ; work         ;
;    |debounce_g:inst2|      ; 1 (1)             ; 2 (2)        ; 0                 ; 0          ; 0    ; 0            ; |key_input|debounce_g:inst2            ; work         ;
;    |led:inst9|             ; 53 (53)           ; 12 (12)      ; 0                 ; 0          ; 0    ; 0            ; |key_input|led:inst9                   ; work         ;
;    |seg7:inst|             ; 11 (11)           ; 0 (0)        ; 0                 ; 0          ; 0    ; 0            ; |key_input|seg7:inst                   ; work         ;
;    |timer:inst8|           ; 39 (39)           ; 33 (33)      ; 0                 ; 0          ; 0    ; 0            ; |key_input|timer:inst8                 ; work         ;
+----------------------------+-------------------+--------------+-------------------+------------+------+--------------+----------------------------------------+--------------+
Note: For table entries with two numbers listed, the numbers in parentheses indicate the number of resources of the given type used by the specific entity alone. The numbers listed outside of parentheses indicate the total resources of the given type used by the specific entity and all of its sub-entities in the hierarchy.


+-------------------------------------------------------------------------------------------------------------+
; User-Specified and Inferred Latches                                                                         ;
+-----------------------------------------------------+------------------------------+------------------------+
; Latch Name                                          ; Latch Enable Signal          ; Free of Timing Hazards ;
+-----------------------------------------------------+------------------------------+------------------------+
; control_unit:inst11|num_1[0]                        ; control_unit:inst11|num_1[3] ; yes                    ;
; control_unit:inst11|num_3[0]                        ; control_unit:inst11|num_3[3] ; yes                    ;
; control_unit:inst11|num_2[0]                        ; control_unit:inst11|Equal25  ; yes                    ;
; control_unit:inst11|num_4[0]                        ; control_unit:inst11|Equal27  ; yes                    ;
; control_unit:inst11|num_1[1]                        ; control_unit:inst11|num_1[3] ; yes                    ;
; control_unit:inst11|num_3[1]                        ; control_unit:inst11|num_3[3] ; yes                    ;
; control_unit:inst11|num_2[1]                        ; control_unit:inst11|Equal25  ; yes                    ;
; control_unit:inst11|num_4[1]                        ; control_unit:inst11|Equal27  ; yes                    ;
; control_unit:inst11|num_1[2]                        ; control_unit:inst11|num_1[3] ; yes                    ;
; control_unit:inst11|num_3[2]                        ; control_unit:inst11|num_3[3] ; yes                    ;
; control_unit:inst11|num_2[2]                        ; control_unit:inst11|Equal25  ; yes                    ;
; control_unit:inst11|num_4[2]                        ; control_unit:inst11|Equal27  ; yes                    ;
; control_unit:inst11|num_1[3]                        ; control_unit:inst11|num_1[3] ; yes                    ;
; control_unit:inst11|num_3[3]                        ; control_unit:inst11|num_3[3] ; yes                    ;
; control_unit:inst11|num_2[3]                        ; control_unit:inst11|Equal25  ; yes                    ;
; control_unit:inst11|num_4[3]                        ; control_unit:inst11|Equal27  ; yes                    ;
; Number of user-specified and inferred latches = 16  ;                              ;                        ;
+-----------------------------------------------------+------------------------------+------------------------+
Note: All latches listed above may not be present at the end of synthesis due to various synthesis optimizations.


+------------------------------------------------------------+
; Logic Cells Representing Combinational Loops               ;
+--------------------------------------------------------+---+
; Logic Cell Name                                        ;   ;
+--------------------------------------------------------+---+
; debounce_g:inst2|16~0                                  ;   ;
; Number of logic cells representing combinational loops ; 1 ;
+--------------------------------------------------------+---+
Note: All cells listed above may not be present at the end of synthesis due to various synthesis optimizations.


+----------------------------------------------------------------------------------------------+
; Registers Removed During Synthesis                                                           ;
+---------------------------------------------+------------------------------------------------+
; Register name                               ; Reason for Removal                             ;
+---------------------------------------------+------------------------------------------------+
; de_change:inst7|op[0]                       ; Stuck at GND due to stuck port data_in         ;
; control_unit:inst11|led_state[1..9,11..31]  ; Merged with control_unit:inst11|led_state[10]  ;
; control_unit:inst11|game_state[3..9,11..31] ; Merged with control_unit:inst11|game_state[10] ;
; clk_gen:inst5|div10_t:inst4|5               ; Merged with de_change:inst7|op[2]              ;
; control_unit:inst11|led_state[10]           ; Stuck at GND due to stuck port data_in         ;
; control_unit:inst11|game_state[10]          ; Stuck at GND due to stuck port data_in         ;
; Total Number of Removed Registers = 62      ;                                                ;
+---------------------------------------------+------------------------------------------------+


+------------------------------------------------------+
; General Register Statistics                          ;
+----------------------------------------------+-------+
; Statistic                                    ; Value ;
+----------------------------------------------+-------+
; Total registers                              ; 136   ;
; Number of registers using Synchronous Clear  ; 60    ;
; Number of registers using Synchronous Load   ; 13    ;
; Number of registers using Asynchronous Clear ; 0     ;
; Number of registers using Asynchronous Load  ; 0     ;
; Number of registers using Clock Enable       ; 93    ;
; Number of registers using Preset             ; 0     ;
+----------------------------------------------+-------+


+--------------------------------------------------+
; Inverted Register Statistics                     ;
+----------------------------------------+---------+
; Inverted Register                      ; Fan out ;
+----------------------------------------+---------+
; led:inst9|op[0]                        ; 3       ;
; timer:inst8|remaining_time_sig[6]      ; 9       ;
; timer:inst8|remaining_time_sig[3]      ; 13      ;
; timer:inst8|remaining_time_sig[5]      ; 12      ;
; timer:inst8|remaining_time_sig[4]      ; 12      ;
; Total number of inverted registers = 5 ;         ;
+----------------------------------------+---------+


+--------------------------------------------------------------------------------------------------------------------------------------------------------------+
; Multiplexer Restructuring Statistics (Restructuring Performed)                                                                                               ;
+--------------------+-----------+---------------+----------------------+------------------------+------------+------------------------------------------------+
; Multiplexer Inputs ; Bus Width ; Baseline Area ; Area if Restructured ; Saving if Restructured ; Registered ; Example Multiplexer Output                     ;
+--------------------+-----------+---------------+----------------------+------------------------+------------+------------------------------------------------+
; 3:1                ; 28 bits   ; 56 LEs        ; 0 LEs                ; 56 LEs                 ; Yes        ; |key_input|timer:inst8|remaining_time_sig[13]  ;
; 7:1                ; 31 bits   ; 124 LEs       ; 0 LEs                ; 124 LEs                ; Yes        ; |key_input|control_unit:inst11|num_current[14] ;
; 16:1               ; 11 bits   ; 110 LEs       ; 88 LEs               ; 22 LEs                 ; Yes        ; |key_input|led:inst9|op[9]                     ;
; 3:1                ; 4 bits    ; 8 LEs         ; 4 LEs                ; 4 LEs                  ; Yes        ; |key_input|timer:inst8|remaining_time_sig[4]   ;
; 4:1                ; 4 bits    ; 8 LEs         ; 8 LEs                ; 0 LEs                  ; No         ; |key_input|seg7:inst|Mux9                      ;
; 7:1                ; 4 bits    ; 16 LEs        ; 4 LEs                ; 12 LEs                 ; No         ; |key_input|control_unit:inst11|hint_a          ;
; 15:1               ; 4 bits    ; 40 LEs        ; 4 LEs                ; 36 LEs                 ; No         ; |key_input|control_unit:inst11|hint_b          ;
+--------------------+-----------+---------------+----------------------+------------------------+------------+------------------------------------------------+


+-------------------------------+
; Elapsed Time Per Partition    ;
+----------------+--------------+
; Partition Name ; Elapsed Time ;
+----------------+--------------+
; Top            ; 00:00:01     ;
+----------------+--------------+


+-------------------------------+
; Analysis & Synthesis Messages ;
+-------------------------------+
Info: *******************************************************************
Info: Running Quartus II 64-Bit Analysis & Synthesis
    Info: Version 13.1.0 Build 162 10/23/2013 SJ Web Edition
    Info: Processing started: Mon Jun 01 19:42:12 2020
Info: Command: quartus_map --read_settings_files=on --write_settings_files=off key_input -c key_input
Info (20030): Parallel compilation is enabled and will use 4 of the 4 processors detected
Info (12021): Found 1 design units, including 1 entities, in source file key_input.bdf
    Info (12023): Found entity 1: key_input
Warning (12019): Can't analyze file -- file counter_debounce.vhd is missing
Info (12021): Found 2 design units, including 1 entities, in source file keyboard_debounce.vhd
    Info (12022): Found design unit 1: keyboard_debounce-Behavioral
    Info (12023): Found entity 1: keyboard_debounce
Warning (12019): Can't analyze file -- file InputReceiver.vhd is missing
Warning (12019): Can't analyze file -- file ControlUnit.vhd is missing
Info (12021): Found 2 design units, including 1 entities, in source file control_unit.vhd
    Info (12022): Found design unit 1: control_unit-Behavioral
    Info (12023): Found entity 1: control_unit
Info (12021): Found 2 design units, including 1 entities, in source file led.vhd
    Info (12022): Found design unit 1: led-behavioral
    Info (12023): Found entity 1: led
Info (12021): Found 2 design units, including 1 entities, in source file timer.vhd
    Info (12022): Found design unit 1: timer-behavioral
    Info (12023): Found entity 1: timer
Info (12127): Elaborating entity "key_input" for the top level hierarchy
Warning (12125): Using design file seg7.vhd, which is not specified as a design file for the current project, but contains definitions for 2 design units and 1 entities in project
    Info (12022): Found design unit 1: seg7-Behavioral
    Info (12023): Found entity 1: seg7
Info (12128): Elaborating entity "seg7" for hierarchy "seg7:inst"
Warning (10492): VHDL Process Statement warning at seg7.vhd(20): signal "num1_in" is read inside the Process Statement but isn't in the Process Statement's sensitivity list
Warning (10492): VHDL Process Statement warning at seg7.vhd(21): signal "num2_in" is read inside the Process Statement but isn't in the Process Statement's sensitivity list
Warning (10492): VHDL Process Statement warning at seg7.vhd(22): signal "num3_in" is read inside the Process Statement but isn't in the Process Statement's sensitivity list
Warning (10492): VHDL Process Statement warning at seg7.vhd(23): signal "num4_in" is read inside the Process Statement but isn't in the Process Statement's sensitivity list
Warning (10631): VHDL Process Statement warning at seg7.vhd(17): inferring latch(es) for signal or variable "op", which holds its previous value in one or more paths through the process
Info (10041): Inferred latch for "op[0]" at seg7.vhd(17)
Info (10041): Inferred latch for "op[1]" at seg7.vhd(17)
Info (10041): Inferred latch for "op[2]" at seg7.vhd(17)
Info (10041): Inferred latch for "op[3]" at seg7.vhd(17)
Info (12128): Elaborating entity "control_unit" for hierarchy "control_unit:inst11"
Warning (10492): VHDL Process Statement warning at control_unit.vhd(148): signal "game_state" is read inside the Process Statement but isn't in the Process Statement's sensitivity list
Warning (10492): VHDL Process Statement warning at control_unit.vhd(149): signal "hint_a" is read inside the Process Statement but isn't in the Process Statement's sensitivity list
Warning (10492): VHDL Process Statement warning at control_unit.vhd(151): signal "hint_b" is read inside the Process Statement but isn't in the Process Statement's sensitivity list
Warning (10492): VHDL Process Statement warning at control_unit.vhd(154): signal "num_current" is read inside the Process Statement but isn't in the Process Statement's sensitivity list
Warning (10492): VHDL Process Statement warning at control_unit.vhd(156): signal "sw_in" is read inside the Process Statement but isn't in the Process Statement's sensitivity list
Warning (10492): VHDL Process Statement warning at control_unit.vhd(158): signal "sw_in" is read inside the Process Statement but isn't in the Process Statement's sensitivity list
Warning (10492): VHDL Process Statement warning at control_unit.vhd(160): signal "sw_in" is read inside the Process Statement but isn't in the Process Statement's sensitivity list
Warning (10492): VHDL Process Statement warning at control_unit.vhd(162): signal "sw_in" is read inside the Process Statement but isn't in the Process Statement's sensitivity list
Warning (10631): VHDL Process Statement warning at control_unit.vhd(56): inferring latch(es) for signal or variable "num_1", which holds its previous value in one or more paths through the process
Warning (10631): VHDL Process Statement warning at control_unit.vhd(56): inferring latch(es) for signal or variable "num_2", which holds its previous value in one or more paths through the process
Warning (10631): VHDL Process Statement warning at control_unit.vhd(56): inferring latch(es) for signal or variable "num_3", which holds its previous value in one or more paths through the process
Warning (10631): VHDL Process Statement warning at control_unit.vhd(56): inferring latch(es) for signal or variable "num_4", which holds its previous value in one or more paths through the process
Info (10041): Inferred latch for "num_4[0]" at control_unit.vhd(56)
Info (10041): Inferred latch for "num_4[1]" at control_unit.vhd(56)
Info (10041): Inferred latch for "num_4[2]" at control_unit.vhd(56)
Info (10041): Inferred latch for "num_4[3]" at control_unit.vhd(56)
Info (10041): Inferred latch for "num_3[0]" at control_unit.vhd(56)
Info (10041): Inferred latch for "num_3[1]" at control_unit.vhd(56)
Info (10041): Inferred latch for "num_3[2]" at control_unit.vhd(56)
Info (10041): Inferred latch for "num_3[3]" at control_unit.vhd(56)
Info (10041): Inferred latch for "num_2[0]" at control_unit.vhd(56)
Info (10041): Inferred latch for "num_2[1]" at control_unit.vhd(56)
Info (10041): Inferred latch for "num_2[2]" at control_unit.vhd(56)
Info (10041): Inferred latch for "num_2[3]" at control_unit.vhd(56)
Info (10041): Inferred latch for "num_1[0]" at control_unit.vhd(56)
Info (10041): Inferred latch for "num_1[1]" at control_unit.vhd(56)
Info (10041): Inferred latch for "num_1[2]" at control_unit.vhd(56)
Info (10041): Inferred latch for "num_1[3]" at control_unit.vhd(56)
Warning (12125): Using design file debounce_g.bdf, which is not specified as a design file for the current project, but contains definitions for 1 design units and 1 entities in project
    Info (12023): Found entity 1: debounce_g
Info (12128): Elaborating entity "debounce_g" for hierarchy "debounce_g:inst2"
Warning (12125): Using design file clk_gen.bdf, which is not specified as a design file for the current project, but contains definitions for 1 design units and 1 entities in project
    Info (12023): Found entity 1: clk_gen
Info (12128): Elaborating entity "clk_gen" for hierarchy "clk_gen:inst5"
Warning (12125): Using design file div10_t.bdf, which is not specified as a design file for the current project, but contains definitions for 1 design units and 1 entities in project
    Info (12023): Found entity 1: div10_t
Info (12128): Elaborating entity "div10_t" for hierarchy "clk_gen:inst5|div10_t:inst3"
Info (12128): Elaborating entity "timer" for hierarchy "timer:inst8"
Warning (12125): Using design file de_change.vhd, which is not specified as a design file for the current project, but contains definitions for 2 design units and 1 entities in project
    Info (12022): Found design unit 1: de_change-a
    Info (12023): Found entity 1: de_change
Info (12128): Elaborating entity "de_change" for hierarchy "de_change:inst7"
Info (12128): Elaborating entity "led" for hierarchy "led:inst9"
Warning (14026): LATCH primitive "seg7:inst|op[3]" is permanently enabled
Warning (14026): LATCH primitive "seg7:inst|op[2]" is permanently enabled
Warning (14026): LATCH primitive "seg7:inst|op[1]" is permanently enabled
Warning (14026): LATCH primitive "seg7:inst|op[0]" is permanently enabled
Warning (13012): Latch control_unit:inst11|num_1[0] has unsafe behavior
    Warning (13013): Ports D and ENA on the latch are fed by the same signal control_unit:inst11|game_state[0]
Warning (13012): Latch control_unit:inst11|num_3[0] has unsafe behavior
    Warning (13013): Ports D and ENA on the latch are fed by the same signal control_unit:inst11|game_state[0]
Warning (13012): Latch control_unit:inst11|num_1[1] has unsafe behavior
    Warning (13013): Ports D and ENA on the latch are fed by the same signal control_unit:inst11|game_state[0]
Warning (13012): Latch control_unit:inst11|num_3[1] has unsafe behavior
    Warning (13013): Ports D and ENA on the latch are fed by the same signal control_unit:inst11|game_state[0]
Warning (13012): Latch control_unit:inst11|num_1[2] has unsafe behavior
    Warning (13013): Ports D and ENA on the latch are fed by the same signal control_unit:inst11|game_state[0]
Warning (13012): Latch control_unit:inst11|num_3[2] has unsafe behavior
    Warning (13013): Ports D and ENA on the latch are fed by the same signal control_unit:inst11|game_state[0]
Warning (13012): Latch control_unit:inst11|num_1[3] has unsafe behavior
    Warning (13013): Ports D and ENA on the latch are fed by the same signal control_unit:inst11|game_state[0]
Warning (13012): Latch control_unit:inst11|num_3[3] has unsafe behavior
    Warning (13013): Ports D and ENA on the latch are fed by the same signal control_unit:inst11|game_state[0]
Warning (13024): Output pins are stuck at VCC or GND
    Warning (13410): Pin "de_out3" is stuck at GND
    Warning (13410): Pin "com_N20" is stuck at VCC
Info (286030): Timing-Driven Synthesis is running
Info (16010): Generating hard_block partition "hard_block:auto_generated_inst"
    Info (16011): Adding 0 node(s), including 0 DDIO, 0 PLL, 0 transceiver and 0 LCELL
Info (21057): Implemented 315 device resources after synthesis - the final resource count might be different
    Info (21058): Implemented 6 input pins
    Info (21059): Implemented 23 output pins
    Info (21061): Implemented 286 logic cells
Info: Quartus II 64-Bit Analysis & Synthesis was successful. 0 errors, 48 warnings
    Info: Peak virtual memory: 630 megabytes
    Info: Processing ended: Mon Jun 01 19:42:14 2020
    Info: Elapsed time: 00:00:02
    Info: Total CPU time (on all processors): 00:00:03


